<?xml version="1.0" encoding="UTF-8"?>
<testng-results ignored="0" total="9" passed="9" failed="0" skipped="0">
  <reporter-output>
  </reporter-output>
  <suite started-at="2025-08-23T16:58:46 GMT" name="vendor-portal" finished-at="2025-08-23T16:58:55 GMT" duration-ms="9042">
    <groups>
    </groups>
    <test started-at="2025-08-23T16:58:46 GMT" name="user-mike" finished-at="2025-08-23T16:58:52 GMT" duration-ms="5857">
      <class name="com.hodor.tests.vendorportal.VendorPortalTest">
        <test-method is-config="true" signature="setDriver(org.testng.ITestContext)[pri:0, instance:com.hodor.tests.vendorportal.VendorPortalTest@3561c410]" started-at="2025-08-23T16:58:46 GMT" name="setDriver" finished-at="2025-08-23T16:58:48 GMT" duration-ms="2191" status="PASS">
          <params>
            <param index="0">
              <value>
                <![CDATA[org.testng.TestRunner@6dab9b6d]]>
              </value>
            </param>
          </params>
          <reporter-output>
          </reporter-output>
        </test-method> <!-- setDriver -->
        <test-method is-config="true" signature="setPageObjects(java.lang.String)[pri:0, instance:com.hodor.tests.vendorportal.VendorPortalTest@3561c410]" started-at="2025-08-23T16:58:48 GMT" name="setPageObjects" finished-at="2025-08-23T16:58:49 GMT" depends-on-methods="com.hodor.tests.AbstractTest.setDriver" duration-ms="216" status="PASS">
          <params>
            <param index="0">
              <value>
                <![CDATA[test-data/vendor-portal/mike.json]]>
              </value>
            </param>
          </params>
          <reporter-output>
          </reporter-output>
        </test-method> <!-- setPageObjects -->
        <test-method signature="loginTest()[pri:0, instance:com.hodor.tests.vendorportal.VendorPortalTest@3561c410]" started-at="2025-08-23T16:58:49 GMT" name="loginTest" finished-at="2025-08-23T16:58:50 GMT" duration-ms="970" status="PASS">
          <reporter-output>
          </reporter-output>
        </test-method> <!-- loginTest -->
        <test-method signature="dashboardTest()[pri:0, instance:com.hodor.tests.vendorportal.VendorPortalTest@3561c410]" started-at="2025-08-23T16:58:50 GMT" name="dashboardTest" finished-at="2025-08-23T16:58:51 GMT" depends-on-methods="com.hodor.tests.vendorportal.VendorPortalTest.loginTest" duration-ms="1000" status="PASS">
          <reporter-output>
          </reporter-output>
        </test-method> <!-- dashboardTest -->
        <test-method signature="logoutTest()[pri:0, instance:com.hodor.tests.vendorportal.VendorPortalTest@3561c410]" started-at="2025-08-23T16:58:51 GMT" name="logoutTest" finished-at="2025-08-23T16:58:52 GMT" depends-on-methods="com.hodor.tests.vendorportal.VendorPortalTest.dashboardTest" duration-ms="1355" status="PASS">
          <reporter-output>
          </reporter-output>
        </test-method> <!-- logoutTest -->
        <test-method is-config="true" signature="quitDriver()[pri:0, instance:com.hodor.tests.vendorportal.VendorPortalTest@3561c410]" started-at="2025-08-23T16:58:52 GMT" name="quitDriver" finished-at="2025-08-23T16:58:52 GMT" duration-ms="88" status="PASS">
          <reporter-output>
          </reporter-output>
        </test-method> <!-- quitDriver -->
      </class> <!-- com.hodor.tests.vendorportal.VendorPortalTest -->
    </test> <!-- user-mike -->
    <test started-at="2025-08-23T16:58:46 GMT" name="user-john" finished-at="2025-08-23T16:58:54 GMT" duration-ms="7426">
      <class name="com.hodor.tests.vendorportal.VendorPortalTest">
        <test-method is-config="true" signature="setupConfig()[pri:0, instance:com.hodor.tests.vendorportal.VendorPortalTest@7c214cc0]" started-at="2025-08-23T16:58:46 GMT" name="setupConfig" finished-at="2025-08-23T16:58:46 GMT" duration-ms="35" status="PASS">
          <reporter-output>
          </reporter-output>
        </test-method> <!-- setupConfig -->
        <test-method is-config="true" signature="setDriver(org.testng.ITestContext)[pri:0, instance:com.hodor.tests.vendorportal.VendorPortalTest@7c214cc0]" started-at="2025-08-23T16:58:46 GMT" name="setDriver" finished-at="2025-08-23T16:58:48 GMT" duration-ms="2173" status="PASS">
          <params>
            <param index="0">
              <value>
                <![CDATA[org.testng.TestRunner@21fd5faa]]>
              </value>
            </param>
          </params>
          <reporter-output>
          </reporter-output>
        </test-method> <!-- setDriver -->
        <test-method is-config="true" signature="setPageObjects(java.lang.String)[pri:0, instance:com.hodor.tests.vendorportal.VendorPortalTest@7c214cc0]" started-at="2025-08-23T16:58:48 GMT" name="setPageObjects" finished-at="2025-08-23T16:58:49 GMT" depends-on-methods="com.hodor.tests.AbstractTest.setDriver" duration-ms="234" status="PASS">
          <params>
            <param index="0">
              <value>
                <![CDATA[test-data/vendor-portal/john.json]]>
              </value>
            </param>
          </params>
          <reporter-output>
          </reporter-output>
        </test-method> <!-- setPageObjects -->
        <test-method signature="loginTest()[pri:0, instance:com.hodor.tests.vendorportal.VendorPortalTest@7c214cc0]" started-at="2025-08-23T16:58:49 GMT" name="loginTest" finished-at="2025-08-23T16:58:50 GMT" duration-ms="991" status="PASS">
          <reporter-output>
          </reporter-output>
        </test-method> <!-- loginTest -->
        <test-method signature="dashboardTest()[pri:0, instance:com.hodor.tests.vendorportal.VendorPortalTest@7c214cc0]" started-at="2025-08-23T16:58:50 GMT" name="dashboardTest" finished-at="2025-08-23T16:58:52 GMT" depends-on-methods="com.hodor.tests.vendorportal.VendorPortalTest.loginTest" duration-ms="2130" status="PASS">
          <reporter-output>
          </reporter-output>
        </test-method> <!-- dashboardTest -->
        <test-method signature="logoutTest()[pri:0, instance:com.hodor.tests.vendorportal.VendorPortalTest@7c214cc0]" started-at="2025-08-23T16:58:52 GMT" name="logoutTest" finished-at="2025-08-23T16:58:54 GMT" depends-on-methods="com.hodor.tests.vendorportal.VendorPortalTest.dashboardTest" duration-ms="1779" status="PASS">
          <reporter-output>
          </reporter-output>
        </test-method> <!-- logoutTest -->
        <test-method is-config="true" signature="quitDriver()[pri:0, instance:com.hodor.tests.vendorportal.VendorPortalTest@7c214cc0]" started-at="2025-08-23T16:58:54 GMT" name="quitDriver" finished-at="2025-08-23T16:58:54 GMT" duration-ms="86" status="PASS">
          <reporter-output>
          </reporter-output>
        </test-method> <!-- quitDriver -->
      </class> <!-- com.hodor.tests.vendorportal.VendorPortalTest -->
    </test> <!-- user-john -->
    <test started-at="2025-08-23T16:58:46 GMT" name="user-sam" finished-at="2025-08-23T16:58:55 GMT" duration-ms="9042">
      <class name="com.hodor.tests.vendorportal.VendorPortalTest">
        <test-method is-config="true" signature="setDriver(org.testng.ITestContext)[pri:0, instance:com.hodor.tests.vendorportal.VendorPortalTest@4eaf3684]" started-at="2025-08-23T16:58:46 GMT" name="setDriver" finished-at="2025-08-23T16:58:48 GMT" duration-ms="2174" status="PASS">
          <params>
            <param index="0">
              <value>
                <![CDATA[org.testng.TestRunner@53941c2f]]>
              </value>
            </param>
          </params>
          <reporter-output>
          </reporter-output>
        </test-method> <!-- setDriver -->
        <test-method is-config="true" signature="setPageObjects(java.lang.String)[pri:0, instance:com.hodor.tests.vendorportal.VendorPortalTest@4eaf3684]" started-at="2025-08-23T16:58:48 GMT" name="setPageObjects" finished-at="2025-08-23T16:58:49 GMT" depends-on-methods="com.hodor.tests.AbstractTest.setDriver" duration-ms="233" status="PASS">
          <params>
            <param index="0">
              <value>
                <![CDATA[test-data/vendor-portal/sam.json]]>
              </value>
            </param>
          </params>
          <reporter-output>
          </reporter-output>
        </test-method> <!-- setPageObjects -->
        <test-method signature="loginTest()[pri:0, instance:com.hodor.tests.vendorportal.VendorPortalTest@4eaf3684]" started-at="2025-08-23T16:58:49 GMT" name="loginTest" finished-at="2025-08-23T16:58:50 GMT" duration-ms="991" status="PASS">
          <reporter-output>
          </reporter-output>
        </test-method> <!-- loginTest -->
        <test-method signature="dashboardTest()[pri:0, instance:com.hodor.tests.vendorportal.VendorPortalTest@4eaf3684]" started-at="2025-08-23T16:58:50 GMT" name="dashboardTest" finished-at="2025-08-23T16:58:52 GMT" depends-on-methods="com.hodor.tests.vendorportal.VendorPortalTest.loginTest" duration-ms="2092" status="PASS">
          <reporter-output>
          </reporter-output>
        </test-method> <!-- dashboardTest -->
        <test-method signature="logoutTest()[pri:0, instance:com.hodor.tests.vendorportal.VendorPortalTest@4eaf3684]" started-at="2025-08-23T16:58:52 GMT" name="logoutTest" finished-at="2025-08-23T16:58:55 GMT" depends-on-methods="com.hodor.tests.vendorportal.VendorPortalTest.dashboardTest" duration-ms="3435" status="PASS">
          <reporter-output>
          </reporter-output>
        </test-method> <!-- logoutTest -->
        <test-method is-config="true" signature="quitDriver()[pri:0, instance:com.hodor.tests.vendorportal.VendorPortalTest@4eaf3684]" started-at="2025-08-23T16:58:55 GMT" name="quitDriver" finished-at="2025-08-23T16:58:55 GMT" duration-ms="85" status="PASS">
          <reporter-output>
          </reporter-output>
        </test-method> <!-- quitDriver -->
      </class> <!-- com.hodor.tests.vendorportal.VendorPortalTest -->
    </test> <!-- user-sam -->
  </suite> <!-- vendor-portal -->
</testng-results>
